2026-02-18 02:01:05,804 - httpx - INFO - HTTP Request: POST https://api.telegram.org/bot7966102912:AAE6lVKzQ_OCchVeODIMl3pxYvWBiIx8Z1w/getMe "HTTP/1.1 200 OK"
2026-02-18 02:01:06,247 - httpx - INFO - HTTP Request: POST https://api.telegram.org/bot7966102912:AAE6lVKzQ_OCchVeODIMl3pxYvWBiIx8Z1w/deleteWebhook "HTTP/1.1 200 OK"
2026-02-18 02:01:06,248 - telegram.ext.Application - INFO - Application started
2026-02-18 02:01:17,122 - httpx - INFO - HTTP Request: POST https://api.telegram.org/bot7966102912:AAE6lVKzQ_OCchVeODIMl3pxYvWBiIx8Z1w/getUpdates "HTTP/1.1 200 OK"
2026-02-18 02:01:27,489 - httpx - INFO - HTTP Request: POST https://api.telegram.org/bot7966102912:AAE6lVKzQ_OCchVeODIMl3pxYvWBiIx8Z1w/getUpdates "HTTP/1.1 200 OK"
2026-02-18 02:01:28,421 - httpx - INFO - HTTP Request: POST https://api.telegram.org/bot7966102912:AAE6lVKzQ_OCchVeODIMl3pxYvWBiIx8Z1w/sendMessage "HTTP/1.1 200 OK"
2026-02-18 02:01:37,620 - httpx - INFO - HTTP Request: POST https://api.telegram.org/bot7966102912:AAE6lVKzQ_OCchVeODIMl3pxYvWBiIx8Z1w/getUpdates "HTTP/1.1 200 OK"
2026-02-18 02:01:48,488 - httpx - INFO - HTTP Request: POST https://api.telegram.org/bot7966102912:AAE6lVKzQ_OCchVeODIMl3pxYvWBiIx8Z1w/getUpdates "HTTP/1.1 200 OK"
2026-02-18 02:01:54,669 - httpx - INFO - HTTP Request: POST https://api.telegram.org/bot7966102912:AAE6lVKzQ_OCchVeODIMl3pxYvWBiIx8Z1w/getUpdates "HTTP/1.1 200 OK"
2026-02-18 02:01:56,018 - httpx - INFO - HTTP Request: POST https://api.telegram.org/bot7966102912:AAE6lVKzQ_OCchVeODIMl3pxYvWBiIx8Z1w/answerCallbackQuery "HTTP/1.1 200 OK"
2026-02-18 02:01:56,019 - __main__ - INFO - Пользователь 1796014793 нажал: my_words
2026-02-18 02:01:56,561 - httpx - INFO - HTTP Request: POST https://api.telegram.org/bot7966102912:AAE6lVKzQ_OCchVeODIMl3pxYvWBiIx8Z1w/editMessageText "HTTP/1.1 200 OK"
2026-02-18 02:02:05,123 - httpx - INFO - HTTP Request: POST https://api.telegram.org/bot7966102912:AAE6lVKzQ_OCchVeODIMl3pxYvWBiIx8Z1w/getUpdates "HTTP/1.1 200 OK"
2026-02-18 02:02:08,338 - httpx - INFO - HTTP Request: POST https://api.telegram.org/bot7966102912:AAE6lVKzQ_OCchVeODIMl3pxYvWBiIx8Z1w/getUpdates "HTTP/1.1 200 OK"
2026-02-18 02:02:09,211 - httpx - INFO - HTTP Request: POST https://api.telegram.org/bot7966102912:AAE6lVKzQ_OCchVeODIMl3pxYvWBiIx8Z1w/answerCallbackQuery "HTTP/1.1 200 OK"
2026-02-18 02:02:09,212 - __main__ - INFO - Пользователь 1796014793 нажал: practice_Hello
2026-02-18 02:02:10,420 - httpx - INFO - HTTP Request: POST https://api.telegram.org/bot7966102912:AAE6lVKzQ_OCchVeODIMl3pxYvWBiIx8Z1w/editMessageText "HTTP/1.1 200 OK"
2026-02-18 02:02:17,662 - httpx - INFO - HTTP Request: POST https://api.telegram.org/bot7966102912:AAE6lVKzQ_OCchVeODIMl3pxYvWBiIx8Z1w/getUpdates "HTTP/1.1 200 OK"
2026-02-18 02:02:18,625 - httpx - INFO - HTTP Request: POST https://api.telegram.org/bot7966102912:AAE6lVKzQ_OCchVeODIMl3pxYvWBiIx8Z1w/answerCallbackQuery "HTTP/1.1 200 OK"
2026-02-18 02:02:18,626 - __main__ - INFO - Пользователь 1796014793 нажал: answer_wrong
2026-02-18 02:02:22,677 - httpx - INFO - HTTP Request: POST https://api.telegram.org/bot7966102912:AAE6lVKzQ_OCchVeODIMl3pxYvWBiIx8Z1w/getUpdates "HTTP/1.1 200 OK"
2026-02-18 02:02:22,926 - httpx - INFO - HTTP Request: POST https://api.telegram.org/bot7966102912:AAE6lVKzQ_OCchVeODIMl3pxYvWBiIx8Z1w/answerCallbackQuery "HTTP/1.1 200 OK"
2026-02-18 02:02:22,927 - __main__ - INFO - Пользователь 1796014793 нажал: answer_wrong
2026-02-18 02:02:25,259 - httpx - INFO - HTTP Request: POST https://api.telegram.org/bot7966102912:AAE6lVKzQ_OCchVeODIMl3pxYvWBiIx8Z1w/getUpdates "HTTP/1.1 200 OK"
2026-02-18 02:02:25,676 - httpx - INFO - HTTP Request: POST https://api.telegram.org/bot7966102912:AAE6lVKzQ_OCchVeODIMl3pxYvWBiIx8Z1w/answerCallbackQuery "HTTP/1.1 200 OK"
2026-02-18 02:02:25,678 - __main__ - INFO - Пользователь 1796014793 нажал: answer_wrong
2026-02-18 02:02:27,385 - httpx - INFO - HTTP Request: POST https://api.telegram.org/bot7966102912:AAE6lVKzQ_OCchVeODIMl3pxYvWBiIx8Z1w/getUpdates "HTTP/1.1 200 OK"
2026-02-18 02:02:27,804 - httpx - INFO - HTTP Request: POST https://api.telegram.org/bot7966102912:AAE6lVKzQ_OCchVeODIMl3pxYvWBiIx8Z1w/answerCallbackQuery "HTTP/1.1 200 OK"
2026-02-18 02:02:27,805 - __main__ - INFO - Пользователь 1796014793 нажал: answer_correct
2026-02-18 02:02:28,191 - httpx - INFO - HTTP Request: POST https://api.telegram.org/bot7966102912:AAE6lVKzQ_OCchVeODIMl3pxYvWBiIx8Z1w/getUpdates "HTTP/1.1 200 OK"
2026-02-18 02:02:29,127 - httpx - INFO - HTTP Request: POST https://api.telegram.org/bot7966102912:AAE6lVKzQ_OCchVeODIMl3pxYvWBiIx8Z1w/answerCallbackQuery "HTTP/1.1 200 OK"
2026-02-18 02:02:29,129 - __main__ - INFO - Пользователь 1796014793 нажал: my_words
2026-02-18 02:02:29,272 - httpx - INFO - HTTP Request: POST https://api.telegram.org/bot7966102912:AAE6lVKzQ_OCchVeODIMl3pxYvWBiIx8Z1w/editMessageText "HTTP/1.1 200 OK"
2026-02-18 02:02:32,836 - httpx - INFO - HTTP Request: POST https://api.telegram.org/bot7966102912:AAE6lVKzQ_OCchVeODIMl3pxYvWBiIx8Z1w/getUpdates "HTTP/1.1 200 OK"
2026-02-18 02:02:33,239 - httpx - INFO - HTTP Request: POST https://api.telegram.org/bot7966102912:AAE6lVKzQ_OCchVeODIMl3pxYvWBiIx8Z1w/answerCallbackQuery "HTTP/1.1 200 OK"
2026-02-18 02:02:33,241 - __main__ - INFO - Пользователь 1796014793 нажал: back_to_main
2026-02-18 02:02:34,248 - httpx - INFO - HTTP Request: POST https://api.telegram.org/bot7966102912:AAE6lVKzQ_OCchVeODIMl3pxYvWBiIx8Z1w/editMessageText "HTTP/1.1 200 OK"
2026-02-18 02:02:43,190 - httpx - INFO - HTTP Request: POST https://api.telegram.org/bot7966102912:AAE6lVKzQ_OCchVeODIMl3pxYvWBiIx8Z1w/getUpdates "HTTP/1.1 200 OK"
2026-02-18 02:02:44,689 - httpx - INFO - HTTP Request: POST https://api.telegram.org/bot7966102912:AAE6lVKzQ_OCchVeODIMl3pxYvWBiIx8Z1w/getUpdates "HTTP/1.1 200 OK"
2026-02-18 02:02:45,688 - httpx - INFO - HTTP Request: POST https://api.telegram.org/bot7966102912:AAE6lVKzQ_OCchVeODIMl3pxYvWBiIx8Z1w/answerCallbackQuery "HTTP/1.1 200 OK"
2026-02-18 02:02:45,689 - __main__ - INFO - Пользователь 1796014793 нажал: achievements
2026-02-18 02:02:46,512 - httpx - INFO - HTTP Request: POST https://api.telegram.org/bot7966102912:AAE6lVKzQ_OCchVeODIMl3pxYvWBiIx8Z1w/editMessageText "HTTP/1.1 200 OK"
2026-02-18 02:02:53,478 - httpx - INFO - HTTP Request: POST https://api.telegram.org/bot7966102912:AAE6lVKzQ_OCchVeODIMl3pxYvWBiIx8Z1w/getUpdates "HTTP/1.1 200 OK"
2026-02-18 02:02:54,382 - httpx - INFO - HTTP Request: POST https://api.telegram.org/bot7966102912:AAE6lVKzQ_OCchVeODIMl3pxYvWBiIx8Z1w/answerCallbackQuery "HTTP/1.1 200 OK"
2026-02-18 02:02:54,383 - __main__ - INFO - Пользователь 1796014793 нажал: back_to_main
2026-02-18 02:02:55,176 - httpx - INFO - HTTP Request: POST https://api.telegram.org/bot7966102912:AAE6lVKzQ_OCchVeODIMl3pxYvWBiIx8Z1w/editMessageText "HTTP/1.1 200 OK"
2026-02-18 02:02:57,481 - httpx - INFO - HTTP Request: POST https://api.telegram.org/bot7966102912:AAE6lVKzQ_OCchVeODIMl3pxYvWBiIx8Z1w/getUpdates "HTTP/1.1 200 OK"
2026-02-18 02:02:57,730 - httpx - INFO - HTTP Request: POST https://api.telegram.org/bot7966102912:AAE6lVKzQ_OCchVeODIMl3pxYvWBiIx8Z1w/answerCallbackQuery "HTTP/1.1 200 OK"
2026-02-18 02:02:57,731 - __main__ - INFO - Пользователь 1796014793 нажал: stats
2026-02-18 02:02:58,189 - httpx - INFO - HTTP Request: POST https://api.telegram.org/bot7966102912:AAE6lVKzQ_OCchVeODIMl3pxYvWBiIx8Z1w/editMessageText "HTTP/1.1 200 OK"
2026-02-18 02:03:05,438 - httpx - INFO - HTTP Request: POST https://api.telegram.org/bot7966102912:AAE6lVKzQ_OCchVeODIMl3pxYvWBiIx8Z1w/getUpdates "HTTP/1.1 200 OK"
2026-02-18 02:03:06,458 - httpx - INFO - HTTP Request: POST https://api.telegram.org/bot7966102912:AAE6lVKzQ_OCchVeODIMl3pxYvWBiIx8Z1w/answerCallbackQuery "HTTP/1.1 200 OK"
2026-02-18 02:03:06,459 - __main__ - INFO - Пользователь 1796014793 нажал: back_to_main
2026-02-18 02:03:07,261 - httpx - INFO - HTTP Request: POST https://api.telegram.org/bot7966102912:AAE6lVKzQ_OCchVeODIMl3pxYvWBiIx8Z1w/editMessageText "HTTP/1.1 200 OK"
2026-02-18 02:03:08,816 - httpx - INFO - HTTP Request: POST https://api.telegram.org/bot7966102912:AAE6lVKzQ_OCchVeODIMl3pxYvWBiIx8Z1w/getUpdates "HTTP/1.1 200 OK"
2026-02-18 02:03:09,083 - httpx - INFO - HTTP Request: POST https://api.telegram.org/bot7966102912:AAE6lVKzQ_OCchVeODIMl3pxYvWBiIx8Z1w/answerCallbackQuery "HTTP/1.1 200 OK"
2026-02-18 02:03:09,084 - __main__ - INFO - Пользователь 1796014793 нажал: help
2026-02-18 02:03:09,538 - httpx - INFO - HTTP Request: POST https://api.telegram.org/bot7966102912:AAE6lVKzQ_OCchVeODIMl3pxYvWBiIx8Z1w/editMessageText "HTTP/1.1 200 OK"
2026-02-18 02:03:13,261 - httpx - INFO - HTTP Request: POST https://api.telegram.org/bot7966102912:AAE6lVKzQ_OCchVeODIMl3pxYvWBiIx8Z1w/getUpdates "HTTP/1.1 200 OK"
2026-02-18 02:03:13,634 - httpx - INFO - HTTP Request: POST https://api.telegram.org/bot7966102912:AAE6lVKzQ_OCchVeODIMl3pxYvWBiIx8Z1w/sendMessage "HTTP/1.1 200 OK"
2026-02-18 02:03:23,736 - httpx - INFO - HTTP Request: POST https://api.telegram.org/bot7966102912:AAE6lVKzQ_OCchVeODIMl3pxYvWBiIx8Z1w/getUpdates "HTTP/1.1 200 OK"
2026-02-18 02:03:33,957 - httpx - INFO - HTTP Request: POST https://api.telegram.org/bot7966102912:AAE6lVKzQ_OCchVeODIMl3pxYvWBiIx8Z1w/getUpdates "HTTP/1.1 200 OK"
2026-02-18 02:03:34,940 - httpx - INFO - HTTP Request: POST https://api.telegram.org/bot7966102912:AAE6lVKzQ_OCchVeODIMl3pxYvWBiIx8Z1w/sendMessage "HTTP/1.1 200 OK"
2026-02-18 02:03:44,390 - httpx - INFO - HTTP Request: POST https://api.telegram.org/bot7966102912:AAE6lVKzQ_OCchVeODIMl3pxYvWBiIx8Z1w/getUpdates "HTTP/1.1 200 OK"
2026-02-18 02:03:54,810 - httpx - INFO - HTTP Request: POST https://api.telegram.org/bot7966102912:AAE6lVKzQ_OCchVeODIMl3pxYvWBiIx8Z1w/getUpdates "HTTP/1.1 200 OK"
2026-02-18 02:04:04,942 - httpx - INFO - HTTP Request: POST https://api.telegram.org/bot7966102912:AAE6lVKzQ_OCchVeODIMl3pxYvWBiIx8Z1w/getUpdates "HTTP/1.1 200 OK"
2026-02-18 02:04:15,646 - httpx - INFO - HTTP Request: POST https://api.telegram.org/bot7966102912:AAE6lVKzQ_OCchVeODIMl3pxYvWBiIx8Z1w/getUpdates "HTTP/1.1 200 OK"
2026-02-18 02:04:25,760 - httpx - INFO - HTTP Request: POST https://api.telegram.org/bot7966102912:AAE6lVKzQ_OCchVeODIMl3pxYvWBiIx8Z1w/getUpdates "HTTP/1.1 200 OK"
2026-02-18 02:04:36,221 - httpx - INFO - HTTP Request: POST https://api.telegram.org/bot7966102912:AAE6lVKzQ_OCchVeODIMl3pxYvWBiIx8Z1w/getUpdates "HTTP/1.1 200 OK"
2026-02-18 02:04:46,670 - httpx - INFO - HTTP Request: POST https://api.telegram.org/bot7966102912:AAE6lVKzQ_OCchVeODIMl3pxYvWBiIx8Z1w/getUpdates "HTTP/1.1 200 OK"
2026-02-18 02:04:57,022 - httpx - INFO - HTTP Request: POST https://api.telegram.org/bot7966102912:AAE6lVKzQ_OCchVeODIMl3pxYvWBiIx8Z1w/getUpdates "HTTP/1.1 200 OK"
2026-02-18 02:05:07,909 - httpx - INFO - HTTP Request: POST https://api.telegram.org/bot7966102912:AAE6lVKzQ_OCchVeODIMl3pxYvWBiIx8Z1w/getUpdates "HTTP/1.1 200 OK"
2026-02-18 02:05:18,421 - httpx - INFO - HTTP Request: POST https://api.telegram.org/bot7966102912:AAE6lVKzQ_OCchVeODIMl3pxYvWBiIx8Z1w/getUpdates "HTTP/1.1 200 OK"
2026-02-18 02:05:28,553 - httpx - INFO - HTTP Request: POST https://api.telegram.org/bot7966102912:AAE6lVKzQ_OCchVeODIMl3pxYvWBiIx8Z1w/getUpdates "HTTP/1.1 200 OK"
2026-02-18 02:05:39,426 - httpx - INFO - HTTP Request: POST https://api.telegram.org/bot7966102912:AAE6lVKzQ_OCchVeODIMl3pxYvWBiIx8Z1w/getUpdates "HTTP/1.1 200 OK"
2026-02-18 02:05:49,537 - httpx - INFO - HTTP Request: POST https://api.telegram.org/bot7966102912:AAE6lVKzQ_OCchVeODIMl3pxYvWBiIx8Z1w/getUpdates "HTTP/1.1 200 OK"
2026-02-18 02:05:59,985 - httpx - INFO - HTTP Request: POST https://api.telegram.org/bot7966102912:AAE6lVKzQ_OCchVeODIMl3pxYvWBiIx8Z1w/getUpdates "HTTP/1.1 200 OK"
2026-02-18 02:06:10,088 - httpx - INFO - HTTP Request: POST https://api.telegram.org/bot7966102912:AAE6lVKzQ_OCchVeODIMl3pxYvWBiIx8Z1w/getUpdates "HTTP/1.1 200 OK"
2026-02-18 02:06:20,943 - httpx - INFO - HTTP Request: POST https://api.telegram.org/bot7966102912:AAE6lVKzQ_OCchVeODIMl3pxYvWBiIx8Z1w/getUpdates "HTTP/1.1 200 OK"
2026-02-18 02:06:31,453 - httpx - INFO - HTTP Request: POST https://api.telegram.org/bot7966102912:AAE6lVKzQ_OCchVeODIMl3pxYvWBiIx8Z1w/getUpdates "HTTP/1.1 200 OK"
2026-02-18 02:06:41,551 - httpx - INFO - HTTP Request: POST https://api.telegram.org/bot7966102912:AAE6lVKzQ_OCchVeODIMl3pxYvWBiIx8Z1w/getUpdates "HTTP/1.1 200 OK"
2026-02-18 02:06:52,411 - httpx - INFO - HTTP Request: POST https://api.telegram.org/bot7966102912:AAE6lVKzQ_OCchVeODIMl3pxYvWBiIx8Z1w/getUpdates "HTTP/1.1 200 OK"
2026-02-18 02:06:59,983 - telegram.ext.Application - INFO - Application is stopping. This might take a moment.
2026-02-18 02:06:59,984 - telegram.ext.Application - INFO - Application.stop() complete
2026-02-18 02:23:10,338 - httpx - INFO - HTTP Request: POST https://api.telegram.org/bot7966102912:AAE6lVKzQ_OCchVeODIMl3pxYvWBiIx8Z1w/getMe "HTTP/1.1 200 OK"
2026-02-18 02:23:10,827 - httpx - INFO - HTTP Request: POST https://api.telegram.org/bot7966102912:AAE6lVKzQ_OCchVeODIMl3pxYvWBiIx8Z1w/deleteWebhook "HTTP/1.1 200 OK"
2026-02-18 02:23:10,828 - telegram.ext.Application - INFO - Application started
2026-02-18 02:23:21,775 - httpx - INFO - HTTP Request: POST https://api.telegram.org/bot7966102912:AAE6lVKzQ_OCchVeODIMl3pxYvWBiIx8Z1w/getUpdates "HTTP/1.1 200 OK"
2026-02-18 02:23:22,689 - httpx - INFO - HTTP Request: POST https://api.telegram.org/bot7966102912:AAE6lVKzQ_OCchVeODIMl3pxYvWBiIx8Z1w/sendMessage "HTTP/1.1 200 OK"
2026-02-18 02:23:32,417 - httpx - INFO - HTTP Request: POST https://api.telegram.org/bot7966102912:AAE6lVKzQ_OCchVeODIMl3pxYvWBiIx8Z1w/getUpdates "HTTP/1.1 200 OK"
2026-02-18 02:23:42,552 - httpx - INFO - HTTP Request: POST https://api.telegram.org/bot7966102912:AAE6lVKzQ_OCchVeODIMl3pxYvWBiIx8Z1w/getUpdates "HTTP/1.1 200 OK"
2026-02-18 02:23:53,431 - httpx - INFO - HTTP Request: POST https://api.telegram.org/bot7966102912:AAE6lVKzQ_OCchVeODIMl3pxYvWBiIx8Z1w/getUpdates "HTTP/1.1 200 OK"
2026-02-18 02:24:03,539 - httpx - INFO - HTTP Request: POST https://api.telegram.org/bot7966102912:AAE6lVKzQ_OCchVeODIMl3pxYvWBiIx8Z1w/getUpdates "HTTP/1.1 200 OK"
2026-02-18 02:24:13,940 - httpx - INFO - HTTP Request: POST https://api.telegram.org/bot7966102912:AAE6lVKzQ_OCchVeODIMl3pxYvWBiIx8Z1w/getUpdates "HTTP/1.1 200 OK"
2026-02-18 02:24:24,394 - httpx - INFO - HTTP Request: POST https://api.telegram.org/bot7966102912:AAE6lVKzQ_OCchVeODIMl3pxYvWBiIx8Z1w/getUpdates "HTTP/1.1 200 OK"
2026-02-18 02:24:34,903 - httpx - INFO - HTTP Request: POST https://api.telegram.org/bot7966102912:AAE6lVKzQ_OCchVeODIMl3pxYvWBiIx8Z1w/getUpdates "HTTP/1.1 200 OK"
2026-02-18 02:24:45,344 - httpx - INFO - HTTP Request: POST https://api.telegram.org/bot7966102912:AAE6lVKzQ_OCchVeODIMl3pxYvWBiIx8Z1w/getUpdates "HTTP/1.1 200 OK"
2026-02-18 02:24:55,705 - httpx - INFO - HTTP Request: POST https://api.telegram.org/bot7966102912:AAE6lVKzQ_OCchVeODIMl3pxYvWBiIx8Z1w/getUpdates "HTTP/1.1 200 OK"
2026-02-18 02:25:06,123 - httpx - INFO - HTTP Request: POST https://api.telegram.org/bot7966102912:AAE6lVKzQ_OCchVeODIMl3pxYvWBiIx8Z1w/getUpdates "HTTP/1.1 200 OK"
2026-02-18 02:25:16,180 - httpx - INFO - HTTP Request: POST https://api.telegram.org/bot7966102912:AAE6lVKzQ_OCchVeODIMl3pxYvWBiIx8Z1w/getUpdates "HTTP/1.1 200 OK"
2026-02-18 02:25:17,296 - httpx - INFO - HTTP Request: POST https://api.telegram.org/bot7966102912:AAE6lVKzQ_OCchVeODIMl3pxYvWBiIx8Z1w/sendMessage "HTTP/1.1 200 OK"
2026-02-18 02:25:26,496 - httpx - INFO - HTTP Request: POST https://api.telegram.org/bot7966102912:AAE6lVKzQ_OCchVeODIMl3pxYvWBiIx8Z1w/getUpdates "HTTP/1.1 200 OK"
2026-02-18 02:25:36,620 - httpx - INFO - HTTP Request: POST https://api.telegram.org/bot7966102912:AAE6lVKzQ_OCchVeODIMl3pxYvWBiIx8Z1w/getUpdates "HTTP/1.1 200 OK"
2026-02-18 02:25:47,048 - httpx - INFO - HTTP Request: POST https://api.telegram.org/bot7966102912:AAE6lVKzQ_OCchVeODIMl3pxYvWBiIx8Z1w/getUpdates "HTTP/1.1 200 OK"
2026-02-18 02:25:57,503 - httpx - INFO - HTTP Request: POST https://api.telegram.org/bot7966102912:AAE6lVKzQ_OCchVeODIMl3pxYvWBiIx8Z1w/getUpdates "HTTP/1.1 200 OK"
2026-02-18 02:26:07,832 - httpx - INFO - HTTP Request: POST https://api.telegram.org/bot7966102912:AAE6lVKzQ_OCchVeODIMl3pxYvWBiIx8Z1w/getUpdates "HTTP/1.1 200 OK"
2026-02-18 02:26:17,943 - httpx - INFO - HTTP Request: POST https://api.telegram.org/bot7966102912:AAE6lVKzQ_OCchVeODIMl3pxYvWBiIx8Z1w/getUpdates "HTTP/1.1 200 OK"
2026-02-18 02:26:28,609 - httpx - INFO - HTTP Request: POST https://api.telegram.org/bot7966102912:AAE6lVKzQ_OCchVeODIMl3pxYvWBiIx8Z1w/getUpdates "HTTP/1.1 200 OK"
2026-02-18 02:26:38,947 - httpx - INFO - HTTP Request: POST https://api.telegram.org/bot7966102912:AAE6lVKzQ_OCchVeODIMl3pxYvWBiIx8Z1w/getUpdates "HTTP/1.1 200 OK"
2026-02-18 02:26:50,052 - httpx - INFO - HTTP Request: POST https://api.telegram.org/bot7966102912:AAE6lVKzQ_OCchVeODIMl3pxYvWBiIx8Z1w/getUpdates "HTTP/1.1 200 OK"
2026-02-18 02:27:00,195 - httpx - INFO - HTTP Request: POST https://api.telegram.org/bot7966102912:AAE6lVKzQ_OCchVeODIMl3pxYvWBiIx8Z1w/getUpdates "HTTP/1.1 200 OK"
2026-02-18 02:27:04,862 - httpx - INFO - HTTP Request: POST https://api.telegram.org/bot7966102912:AAE6lVKzQ_OCchVeODIMl3pxYvWBiIx8Z1w/getUpdates "HTTP/1.1 200 OK"
2026-02-18 02:27:05,744 - httpx - INFO - HTTP Request: POST https://api.telegram.org/bot7966102912:AAE6lVKzQ_OCchVeODIMl3pxYvWBiIx8Z1w/answerCallbackQuery "HTTP/1.1 200 OK"
2026-02-18 02:27:05,745 - __main__ - INFO - Пользователь 1796014793 нажал: help
2026-02-18 02:27:06,130 - httpx - INFO - HTTP Request: POST https://api.telegram.org/bot7966102912:AAE6lVKzQ_OCchVeODIMl3pxYvWBiIx8Z1w/editMessageText "HTTP/1.1 200 OK"
2026-02-18 02:27:13,824 - httpx - INFO - HTTP Request: POST https://api.telegram.org/bot7966102912:AAE6lVKzQ_OCchVeODIMl3pxYvWBiIx8Z1w/getUpdates "HTTP/1.1 200 OK"
2026-02-18 02:27:14,721 - httpx - INFO - HTTP Request: POST https://api.telegram.org/bot7966102912:AAE6lVKzQ_OCchVeODIMl3pxYvWBiIx8Z1w/answerCallbackQuery "HTTP/1.1 200 OK"
2026-02-18 02:27:14,722 - __main__ - INFO - Пользователь 1796014793 нажал: back_to_main
2026-02-18 02:27:15,457 - httpx - INFO - HTTP Request: POST https://api.telegram.org/bot7966102912:AAE6lVKzQ_OCchVeODIMl3pxYvWBiIx8Z1w/editMessageText "HTTP/1.1 200 OK"
2026-02-18 02:27:18,983 - httpx - INFO - HTTP Request: POST https://api.telegram.org/bot7966102912:AAE6lVKzQ_OCchVeODIMl3pxYvWBiIx8Z1w/getUpdates "HTTP/1.1 200 OK"
2026-02-18 02:27:19,232 - httpx - INFO - HTTP Request: POST https://api.telegram.org/bot7966102912:AAE6lVKzQ_OCchVeODIMl3pxYvWBiIx8Z1w/answerCallbackQuery "HTTP/1.1 200 OK"
2026-02-18 02:27:19,233 - __main__ - INFO - Пользователь 1796014793 нажал: my_words
2026-02-18 02:27:19,635 - httpx - INFO - HTTP Request: POST https://api.telegram.org/bot7966102912:AAE6lVKzQ_OCchVeODIMl3pxYvWBiIx8Z1w/editMessageText "HTTP/1.1 200 OK"
2026-02-18 02:27:21,311 - httpx - INFO - HTTP Request: POST https://api.telegram.org/bot7966102912:AAE6lVKzQ_OCchVeODIMl3pxYvWBiIx8Z1w/getUpdates "HTTP/1.1 200 OK"
2026-02-18 02:27:21,889 - httpx - INFO - HTTP Request: POST https://api.telegram.org/bot7966102912:AAE6lVKzQ_OCchVeODIMl3pxYvWBiIx8Z1w/answerCallbackQuery "HTTP/1.1 200 OK"
2026-02-18 02:27:21,890 - __main__ - INFO - Пользователь 1796014793 нажал: back_to_main
2026-02-18 02:27:22,748 - httpx - INFO - HTTP Request: POST https://api.telegram.org/bot7966102912:AAE6lVKzQ_OCchVeODIMl3pxYvWBiIx8Z1w/editMessageText "HTTP/1.1 200 OK"
2026-02-18 02:27:23,544 - httpx - INFO - HTTP Request: POST https://api.telegram.org/bot7966102912:AAE6lVKzQ_OCchVeODIMl3pxYvWBiIx8Z1w/getUpdates "HTTP/1.1 200 OK"
2026-02-18 02:27:23,864 - httpx - INFO - HTTP Request: POST https://api.telegram.org/bot7966102912:AAE6lVKzQ_OCchVeODIMl3pxYvWBiIx8Z1w/answerCallbackQuery "HTTP/1.1 200 OK"
2026-02-18 02:27:23,865 - __main__ - INFO - Пользователь 1796014793 нажал: stats
2026-02-18 02:27:24,300 - httpx - INFO - HTTP Request: POST https://api.telegram.org/bot7966102912:AAE6lVKzQ_OCchVeODIMl3pxYvWBiIx8Z1w/editMessageText "HTTP/1.1 200 OK"
2026-02-18 02:27:27,036 - httpx - INFO - HTTP Request: POST https://api.telegram.org/bot7966102912:AAE6lVKzQ_OCchVeODIMl3pxYvWBiIx8Z1w/getUpdates "HTTP/1.1 200 OK"
2026-02-18 02:27:27,671 - httpx - INFO - HTTP Request: POST https://api.telegram.org/bot7966102912:AAE6lVKzQ_OCchVeODIMl3pxYvWBiIx8Z1w/answerCallbackQuery "HTTP/1.1 200 OK"
2026-02-18 02:27:27,672 - __main__ - INFO - Пользователь 1796014793 нажал: back_to_main
2026-02-18 02:27:28,638 - httpx - INFO - HTTP Request: POST https://api.telegram.org/bot7966102912:AAE6lVKzQ_OCchVeODIMl3pxYvWBiIx8Z1w/editMessageText "HTTP/1.1 200 OK"
2026-02-18 02:27:30,873 - httpx - INFO - HTTP Request: POST https://api.telegram.org/bot7966102912:AAE6lVKzQ_OCchVeODIMl3pxYvWBiIx8Z1w/getUpdates "HTTP/1.1 200 OK"
2026-02-18 02:27:31,204 - httpx - INFO - HTTP Request: POST https://api.telegram.org/bot7966102912:AAE6lVKzQ_OCchVeODIMl3pxYvWBiIx8Z1w/answerCallbackQuery "HTTP/1.1 200 OK"
2026-02-18 02:27:31,205 - __main__ - INFO - Пользователь 1796014793 нажал: daily_tasks
2026-02-18 02:27:31,639 - httpx - INFO - HTTP Request: POST https://api.telegram.org/bot7966102912:AAE6lVKzQ_OCchVeODIMl3pxYvWBiIx8Z1w/editMessageText "HTTP/1.1 200 OK"
2026-02-18 02:27:41,977 - httpx - INFO - HTTP Request: POST https://api.telegram.org/bot7966102912:AAE6lVKzQ_OCchVeODIMl3pxYvWBiIx8Z1w/getUpdates "HTTP/1.1 200 OK"
2026-02-18 02:27:47,584 - httpx - INFO - HTTP Request: POST https://api.telegram.org/bot7966102912:AAE6lVKzQ_OCchVeODIMl3pxYvWBiIx8Z1w/getUpdates "HTTP/1.1 200 OK"
2026-02-18 02:27:48,559 - httpx - INFO - HTTP Request: POST https://api.telegram.org/bot7966102912:AAE6lVKzQ_OCchVeODIMl3pxYvWBiIx8Z1w/answerCallbackQuery "HTTP/1.1 200 OK"
2026-02-18 02:27:48,560 - __main__ - INFO - Пользователь 1796014793 нажал: back_to_main
2026-02-18 02:27:49,384 - httpx - INFO - HTTP Request: POST https://api.telegram.org/bot7966102912:AAE6lVKzQ_OCchVeODIMl3pxYvWBiIx8Z1w/editMessageText "HTTP/1.1 200 OK"
2026-02-18 02:27:57,702 - httpx - INFO - HTTP Request: POST https://api.telegram.org/bot7966102912:AAE6lVKzQ_OCchVeODIMl3pxYvWBiIx8Z1w/getUpdates "HTTP/1.1 200 OK"
2026-02-18 02:28:08,384 - httpx - INFO - HTTP Request: POST https://api.telegram.org/bot7966102912:AAE6lVKzQ_OCchVeODIMl3pxYvWBiIx8Z1w/getUpdates "HTTP/1.1 200 OK"
2026-02-18 02:28:18,944 - httpx - INFO - HTTP Request: POST https://api.telegram.org/bot7966102912:AAE6lVKzQ_OCchVeODIMl3pxYvWBiIx8Z1w/getUpdates "HTTP/1.1 200 OK"
2026-02-18 02:28:29,391 - httpx - INFO - HTTP Request: POST https://api.telegram.org/bot7966102912:AAE6lVKzQ_OCchVeODIMl3pxYvWBiIx8Z1w/getUpdates "HTTP/1.1 200 OK"
2026-02-18 02:28:40,059 - httpx - INFO - HTTP Request: POST https://api.telegram.org/bot7966102912:AAE6lVKzQ_OCchVeODIMl3pxYvWBiIx8Z1w/getUpdates "HTTP/1.1 200 OK"
2026-02-18 02:28:50,601 - httpx - INFO - HTTP Request: POST https://api.telegram.org/bot7966102912:AAE6lVKzQ_OCchVeODIMl3pxYvWBiIx8Z1w/getUpdates "HTTP/1.1 200 OK"
2026-02-18 02:28:59,565 - telegram.ext.Application - INFO - Application is stopping. This might take a moment.
2026-02-18 02:28:59,566 - telegram.ext.Application - INFO - Application.stop() complete
2026-02-18 02:37:42,955 - httpx - INFO - HTTP Request: POST https://api.telegram.org/bot7966102912:AAE6lVKzQ_OCchVeODIMl3pxYvWBiIx8Z1w/getMe "HTTP/1.1 200 OK"
2026-02-18 02:37:43,427 - httpx - INFO - HTTP Request: POST https://api.telegram.org/bot7966102912:AAE6lVKzQ_OCchVeODIMl3pxYvWBiIx8Z1w/deleteWebhook "HTTP/1.1 200 OK"
2026-02-18 02:37:43,429 - telegram.ext.Application - INFO - Application started
2026-02-18 02:37:54,395 - httpx - INFO - HTTP Request: POST https://api.telegram.org/bot7966102912:AAE6lVKzQ_OCchVeODIMl3pxYvWBiIx8Z1w/getUpdates "HTTP/1.1 200 OK"
2026-02-18 02:37:56,116 - httpx - INFO - HTTP Request: POST https://api.telegram.org/bot7966102912:AAE6lVKzQ_OCchVeODIMl3pxYvWBiIx8Z1w/getUpdates "HTTP/1.1 200 OK"
2026-02-18 02:37:57,078 - httpx - INFO - HTTP Request: POST https://api.telegram.org/bot7966102912:AAE6lVKzQ_OCchVeODIMl3pxYvWBiIx8Z1w/sendMessage "HTTP/1.1 200 OK"
2026-02-18 02:38:06,268 - httpx - INFO - HTTP Request: POST https://api.telegram.org/bot7966102912:AAE6lVKzQ_OCchVeODIMl3pxYvWBiIx8Z1w/getUpdates "HTTP/1.1 200 OK"
2026-02-18 02:38:17,139 - httpx - INFO - HTTP Request: POST https://api.telegram.org/bot7966102912:AAE6lVKzQ_OCchVeODIMl3pxYvWBiIx8Z1w/getUpdates "HTTP/1.1 200 OK"
2026-02-18 02:38:27,260 - httpx - INFO - HTTP Request: POST https://api.telegram.org/bot7966102912:AAE6lVKzQ_OCchVeODIMl3pxYvWBiIx8Z1w/getUpdates "HTTP/1.1 200 OK"
2026-02-18 02:38:37,676 - httpx - INFO - HTTP Request: POST https://api.telegram.org/bot7966102912:AAE6lVKzQ_OCchVeODIMl3pxYvWBiIx8Z1w/getUpdates "HTTP/1.1 200 OK"
2026-02-18 02:38:48,114 - httpx - INFO - HTTP Request: POST https://api.telegram.org/bot7966102912:AAE6lVKzQ_OCchVeODIMl3pxYvWBiIx8Z1w/getUpdates "HTTP/1.1 200 OK"
2026-02-18 02:38:58,629 - httpx - INFO - HTTP Request: POST https://api.telegram.org/bot7966102912:AAE6lVKzQ_OCchVeODIMl3pxYvWBiIx8Z1w/getUpdates "HTTP/1.1 200 OK"
2026-02-18 02:39:09,078 - httpx - INFO - HTTP Request: POST https://api.telegram.org/bot7966102912:AAE6lVKzQ_OCchVeODIMl3pxYvWBiIx8Z1w/getUpdates "HTTP/1.1 200 OK"
2026-02-18 02:39:19,388 - httpx - INFO - HTTP Request: POST https://api.telegram.org/bot7966102912:AAE6lVKzQ_OCchVeODIMl3pxYvWBiIx8Z1w/getUpdates "HTTP/1.1 200 OK"
2026-02-18 02:39:29,865 - httpx - INFO - HTTP Request: POST https://api.telegram.org/bot7966102912:AAE6lVKzQ_OCchVeODIMl3pxYvWBiIx8Z1w/getUpdates "HTTP/1.1 200 OK"
2026-02-18 02:39:40,308 - httpx - INFO - HTTP Request: POST https://api.telegram.org/bot7966102912:AAE6lVKzQ_OCchVeODIMl3pxYvWBiIx8Z1w/getUpdates "HTTP/1.1 200 OK"
2026-02-18 02:39:50,642 - httpx - INFO - HTTP Request: POST https://api.telegram.org/bot7966102912:AAE6lVKzQ_OCchVeODIMl3pxYvWBiIx8Z1w/getUpdates "HTTP/1.1 200 OK"
2026-02-18 02:40:00,747 - httpx - INFO - HTTP Request: POST https://api.telegram.org/bot7966102912:AAE6lVKzQ_OCchVeODIMl3pxYvWBiIx8Z1w/getUpdates "HTTP/1.1 200 OK"
2026-02-18 02:40:11,184 - httpx - INFO - HTTP Request: POST https://api.telegram.org/bot7966102912:AAE6lVKzQ_OCchVeODIMl3pxYvWBiIx8Z1w/getUpdates "HTTP/1.1 200 OK"
2026-02-18 02:40:21,620 - httpx - INFO - HTTP Request: POST https://api.telegram.org/bot7966102912:AAE6lVKzQ_OCchVeODIMl3pxYvWBiIx8Z1w/getUpdates "HTTP/1.1 200 OK"
2026-02-18 02:40:31,955 - httpx - INFO - HTTP Request: POST https://api.telegram.org/bot7966102912:AAE6lVKzQ_OCchVeODIMl3pxYvWBiIx8Z1w/getUpdates "HTTP/1.1 200 OK"
2026-02-18 02:40:42,062 - httpx - INFO - HTTP Request: POST https://api.telegram.org/bot7966102912:AAE6lVKzQ_OCchVeODIMl3pxYvWBiIx8Z1w/getUpdates "HTTP/1.1 200 OK"
2026-02-18 02:40:45,760 - httpx - INFO - HTTP Request: POST https://api.telegram.org/bot7966102912:AAE6lVKzQ_OCchVeODIMl3pxYvWBiIx8Z1w/getUpdates "HTTP/1.1 200 OK"
2026-02-18 02:40:46,819 - httpx - INFO - HTTP Request: POST https://api.telegram.org/bot7966102912:AAE6lVKzQ_OCchVeODIMl3pxYvWBiIx8Z1w/answerCallbackQuery "HTTP/1.1 200 OK"
2026-02-18 02:40:46,820 - __main__ - INFO - Пользователь 1796014793 нажал: my_words
2026-02-18 02:40:47,719 - httpx - INFO - HTTP Request: POST https://api.telegram.org/bot7966102912:AAE6lVKzQ_OCchVeODIMl3pxYvWBiIx8Z1w/editMessageText "HTTP/1.1 200 OK"
2026-02-18 02:40:51,398 - httpx - INFO - HTTP Request: POST https://api.telegram.org/bot7966102912:AAE6lVKzQ_OCchVeODIMl3pxYvWBiIx8Z1w/getUpdates "HTTP/1.1 200 OK"
2026-02-18 02:40:51,695 - httpx - INFO - HTTP Request: POST https://api.telegram.org/bot7966102912:AAE6lVKzQ_OCchVeODIMl3pxYvWBiIx8Z1w/answerCallbackQuery "HTTP/1.1 200 OK"
2026-02-18 02:40:51,696 - __main__ - INFO - Пользователь 1796014793 нажал: back_to_main
2026-02-18 02:40:52,205 - httpx - INFO - HTTP Request: POST https://api.telegram.org/bot7966102912:AAE6lVKzQ_OCchVeODIMl3pxYvWBiIx8Z1w/editMessageText "HTTP/1.1 200 OK"
2026-02-18 02:41:01,507 - httpx - INFO - HTTP Request: POST https://api.telegram.org/bot7966102912:AAE6lVKzQ_OCchVeODIMl3pxYvWBiIx8Z1w/getUpdates "HTTP/1.1 200 OK"
2026-02-18 02:41:11,632 - httpx - INFO - HTTP Request: POST https://api.telegram.org/bot7966102912:AAE6lVKzQ_OCchVeODIMl3pxYvWBiIx8Z1w/getUpdates "HTTP/1.1 200 OK"
2026-02-18 02:41:22,342 - httpx - INFO - HTTP Request: POST https://api.telegram.org/bot7966102912:AAE6lVKzQ_OCchVeODIMl3pxYvWBiIx8Z1w/getUpdates "HTTP/1.1 200 OK"
2026-02-18 02:41:32,450 - httpx - INFO - HTTP Request: POST https://api.telegram.org/bot7966102912:AAE6lVKzQ_OCchVeODIMl3pxYvWBiIx8Z1w/getUpdates "HTTP/1.1 200 OK"
2026-02-18 02:41:43,316 - httpx - INFO - HTTP Request: POST https://api.telegram.org/bot7966102912:AAE6lVKzQ_OCchVeODIMl3pxYvWBiIx8Z1w/getUpdates "HTTP/1.1 200 OK"
2026-02-18 02:41:53,422 - httpx - INFO - HTTP Request: POST https://api.telegram.org/bot7966102912:AAE6lVKzQ_OCchVeODIMl3pxYvWBiIx8Z1w/getUpdates "HTTP/1.1 200 OK"
2026-02-18 02:42:03,894 - httpx - INFO - HTTP Request: POST https://api.telegram.org/bot7966102912:AAE6lVKzQ_OCchVeODIMl3pxYvWBiIx8Z1w/getUpdates "HTTP/1.1 200 OK"
2026-02-18 02:42:14,324 - httpx - INFO - HTTP Request: POST https://api.telegram.org/bot7966102912:AAE6lVKzQ_OCchVeODIMl3pxYvWBiIx8Z1w/getUpdates "HTTP/1.1 200 OK"
2026-02-18 02:42:24,852 - httpx - INFO - HTTP Request: POST https://api.telegram.org/bot7966102912:AAE6lVKzQ_OCchVeODIMl3pxYvWBiIx8Z1w/getUpdates "HTTP/1.1 200 OK"
2026-02-18 02:42:34,959 - httpx - INFO - HTTP Request: POST https://api.telegram.org/bot7966102912:AAE6lVKzQ_OCchVeODIMl3pxYvWBiIx8Z1w/getUpdates "HTTP/1.1 200 OK"
2026-02-18 02:42:45,378 - httpx - INFO - HTTP Request: POST https://api.telegram.org/bot7966102912:AAE6lVKzQ_OCchVeODIMl3pxYvWBiIx8Z1w/getUpdates "HTTP/1.1 200 OK"
2026-02-18 02:42:56,272 - httpx - INFO - HTTP Request: POST https://api.telegram.org/bot7966102912:AAE6lVKzQ_OCchVeODIMl3pxYvWBiIx8Z1w/getUpdates "HTTP/1.1 200 OK"
2026-02-18 02:43:06,383 - httpx - INFO - HTTP Request: POST https://api.telegram.org/bot7966102912:AAE6lVKzQ_OCchVeODIMl3pxYvWBiIx8Z1w/getUpdates "HTTP/1.1 200 OK"
2026-02-18 02:43:07,704 - telegram.ext.Application - INFO - Application is stopping. This might take a moment.
2026-02-18 02:43:07,704 - telegram.ext.Application - INFO - Application.stop() complete
2026-02-18 03:09:53,035 - httpx - INFO - HTTP Request: POST https://api.telegram.org/bot7966102912:AAE6lVKzQ_OCchVeODIMl3pxYvWBiIx8Z1w/getMe "HTTP/1.1 200 OK"
2026-02-18 03:09:53,597 - httpx - INFO - HTTP Request: POST https://api.telegram.org/bot7966102912:AAE6lVKzQ_OCchVeODIMl3pxYvWBiIx8Z1w/deleteWebhook "HTTP/1.1 200 OK"
2026-02-18 03:09:53,598 - telegram.ext.Application - INFO - Application started
2026-02-18 03:10:03,137 - httpx - INFO - HTTP Request: POST https://api.telegram.org/bot7966102912:AAE6lVKzQ_OCchVeODIMl3pxYvWBiIx8Z1w/getUpdates "HTTP/1.1 200 OK"
2026-02-18 03:10:04,097 - httpx - INFO - HTTP Request: POST https://api.telegram.org/bot7966102912:AAE6lVKzQ_OCchVeODIMl3pxYvWBiIx8Z1w/sendMessage "HTTP/1.1 200 OK"
2026-02-18 03:10:13,797 - httpx - INFO - HTTP Request: POST https://api.telegram.org/bot7966102912:AAE6lVKzQ_OCchVeODIMl3pxYvWBiIx8Z1w/getUpdates "HTTP/1.1 200 OK"
2026-02-18 03:10:23,900 - httpx - INFO - HTTP Request: POST https://api.telegram.org/bot7966102912:AAE6lVKzQ_OCchVeODIMl3pxYvWBiIx8Z1w/getUpdates "HTTP/1.1 200 OK"
2026-02-18 03:10:34,759 - httpx - INFO - HTTP Request: POST https://api.telegram.org/bot7966102912:AAE6lVKzQ_OCchVeODIMl3pxYvWBiIx8Z1w/getUpdates "HTTP/1.1 200 OK"
2026-02-18 03:10:44,949 - httpx - INFO - HTTP Request: POST https://api.telegram.org/bot7966102912:AAE6lVKzQ_OCchVeODIMl3pxYvWBiIx8Z1w/getUpdates "HTTP/1.1 200 OK"
2026-02-18 03:10:55,358 - httpx - INFO - HTTP Request: POST https://api.telegram.org/bot7966102912:AAE6lVKzQ_OCchVeODIMl3pxYvWBiIx8Z1w/getUpdates "HTTP/1.1 200 OK"
2026-02-18 03:11:05,797 - httpx - INFO - HTTP Request: POST https://api.telegram.org/bot7966102912:AAE6lVKzQ_OCchVeODIMl3pxYvWBiIx8Z1w/getUpdates "HTTP/1.1 200 OK"
2026-02-18 03:11:16,317 - httpx - INFO - HTTP Request: POST https://api.telegram.org/bot7966102912:AAE6lVKzQ_OCchVeODIMl3pxYvWBiIx8Z1w/getUpdates "HTTP/1.1 200 OK"
2026-02-18 03:11:26,778 - httpx - INFO - HTTP Request: POST https://api.telegram.org/bot7966102912:AAE6lVKzQ_OCchVeODIMl3pxYvWBiIx8Z1w/getUpdates "HTTP/1.1 200 OK"
2026-02-18 03:11:37,100 - httpx - INFO - HTTP Request: POST https://api.telegram.org/bot7966102912:AAE6lVKzQ_OCchVeODIMl3pxYvWBiIx8Z1w/getUpdates "HTTP/1.1 200 OK"
2026-02-18 03:11:47,526 - httpx - INFO - HTTP Request: POST https://api.telegram.org/bot7966102912:AAE6lVKzQ_OCchVeODIMl3pxYvWBiIx8Z1w/getUpdates "HTTP/1.1 200 OK"
2026-02-18 03:11:58,009 - httpx - INFO - HTTP Request: POST https://api.telegram.org/bot7966102912:AAE6lVKzQ_OCchVeODIMl3pxYvWBiIx8Z1w/getUpdates "HTTP/1.1 200 OK"
2026-02-18 03:12:08,343 - httpx - INFO - HTTP Request: POST https://api.telegram.org/bot7966102912:AAE6lVKzQ_OCchVeODIMl3pxYvWBiIx8Z1w/getUpdates "HTTP/1.1 200 OK"
2026-02-18 03:12:18,441 - httpx - INFO - HTTP Request: POST https://api.telegram.org/bot7966102912:AAE6lVKzQ_OCchVeODIMl3pxYvWBiIx8Z1w/getUpdates "HTTP/1.1 200 OK"
2026-02-18 03:12:29,005 - httpx - INFO - HTTP Request: POST https://api.telegram.org/bot7966102912:AAE6lVKzQ_OCchVeODIMl3pxYvWBiIx8Z1w/getUpdates "HTTP/1.1 200 OK"
2026-02-18 03:12:37,988 - telegram.ext.Application - INFO - Application is stopping. This might take a moment.
2026-02-18 03:12:37,988 - telegram.ext.Application - INFO - Application.stop() complete
2026-02-18 03:14:27,145 - httpx - INFO - HTTP Request: POST https://api.telegram.org/bot7966102912:AAE6lVKzQ_OCchVeODIMl3pxYvWBiIx8Z1w/getMe "HTTP/1.1 200 OK"
2026-02-18 03:14:27,615 - httpx - INFO - HTTP Request: POST https://api.telegram.org/bot7966102912:AAE6lVKzQ_OCchVeODIMl3pxYvWBiIx8Z1w/deleteWebhook "HTTP/1.1 200 OK"
2026-02-18 03:14:27,617 - telegram.ext.Application - INFO - Application started
2026-02-18 03:14:38,557 - httpx - INFO - HTTP Request: POST https://api.telegram.org/bot7966102912:AAE6lVKzQ_OCchVeODIMl3pxYvWBiIx8Z1w/getUpdates "HTTP/1.1 200 OK"
2026-02-18 03:14:49,225 - httpx - INFO - HTTP Request: POST https://api.telegram.org/bot7966102912:AAE6lVKzQ_OCchVeODIMl3pxYvWBiIx8Z1w/getUpdates "HTTP/1.1 200 OK"
2026-02-18 03:14:56,179 - httpx - INFO - HTTP Request: POST https://api.telegram.org/bot7966102912:AAE6lVKzQ_OCchVeODIMl3pxYvWBiIx8Z1w/getUpdates "HTTP/1.1 200 OK"
2026-02-18 03:14:57,354 - httpx - INFO - HTTP Request: POST https://api.telegram.org/bot7966102912:AAE6lVKzQ_OCchVeODIMl3pxYvWBiIx8Z1w/sendMessage "HTTP/1.1 200 OK"
2026-02-18 03:15:07,140 - httpx - INFO - HTTP Request: POST https://api.telegram.org/bot7966102912:AAE6lVKzQ_OCchVeODIMl3pxYvWBiIx8Z1w/getUpdates "HTTP/1.1 200 OK"
2026-02-18 03:15:17,239 - httpx - INFO - HTTP Request: POST https://api.telegram.org/bot7966102912:AAE6lVKzQ_OCchVeODIMl3pxYvWBiIx8Z1w/getUpdates "HTTP/1.1 200 OK"
2026-02-18 03:15:27,782 - httpx - INFO - HTTP Request: POST https://api.telegram.org/bot7966102912:AAE6lVKzQ_OCchVeODIMl3pxYvWBiIx8Z1w/getUpdates "HTTP/1.1 200 OK"
2026-02-18 03:15:38,301 - httpx - INFO - HTTP Request: POST https://api.telegram.org/bot7966102912:AAE6lVKzQ_OCchVeODIMl3pxYvWBiIx8Z1w/getUpdates "HTTP/1.1 200 OK"
2026-02-18 03:15:48,937 - httpx - INFO - HTTP Request: POST https://api.telegram.org/bot7966102912:AAE6lVKzQ_OCchVeODIMl3pxYvWBiIx8Z1w/getUpdates "HTTP/1.1 200 OK"
2026-02-18 03:15:59,431 - httpx - INFO - HTTP Request: POST https://api.telegram.org/bot7966102912:AAE6lVKzQ_OCchVeODIMl3pxYvWBiIx8Z1w/getUpdates "HTTP/1.1 200 OK"
2026-02-18 03:16:09,825 - httpx - INFO - HTTP Request: POST https://api.telegram.org/bot7966102912:AAE6lVKzQ_OCchVeODIMl3pxYvWBiIx8Z1w/getUpdates "HTTP/1.1 200 OK"
2026-02-18 03:16:20,272 - httpx - INFO - HTTP Request: POST https://api.telegram.org/bot7966102912:AAE6lVKzQ_OCchVeODIMl3pxYvWBiIx8Z1w/getUpdates "HTTP/1.1 200 OK"
2026-02-18 03:16:30,781 - httpx - INFO - HTTP Request: POST https://api.telegram.org/bot7966102912:AAE6lVKzQ_OCchVeODIMl3pxYvWBiIx8Z1w/getUpdates "HTTP/1.1 200 OK"
2026-02-18 03:16:41,195 - httpx - INFO - HTTP Request: POST https://api.telegram.org/bot7966102912:AAE6lVKzQ_OCchVeODIMl3pxYvWBiIx8Z1w/getUpdates "HTTP/1.1 200 OK"
2026-02-18 03:16:51,323 - httpx - INFO - HTTP Request: POST https://api.telegram.org/bot7966102912:AAE6lVKzQ_OCchVeODIMl3pxYvWBiIx8Z1w/getUpdates "HTTP/1.1 200 OK"
2026-02-18 03:17:01,732 - httpx - INFO - HTTP Request: POST https://api.telegram.org/bot7966102912:AAE6lVKzQ_OCchVeODIMl3pxYvWBiIx8Z1w/getUpdates "HTTP/1.1 200 OK"
2026-02-18 03:17:12,199 - httpx - INFO - HTTP Request: POST https://api.telegram.org/bot7966102912:AAE6lVKzQ_OCchVeODIMl3pxYvWBiIx8Z1w/getUpdates "HTTP/1.1 200 OK"
2026-02-18 03:17:22,550 - httpx - INFO - HTTP Request: POST https://api.telegram.org/bot7966102912:AAE6lVKzQ_OCchVeODIMl3pxYvWBiIx8Z1w/getUpdates "HTTP/1.1 200 OK"
2026-02-18 03:17:32,679 - httpx - INFO - HTTP Request: POST https://api.telegram.org/bot7966102912:AAE6lVKzQ_OCchVeODIMl3pxYvWBiIx8Z1w/getUpdates "HTTP/1.1 200 OK"
2026-02-18 03:17:43,399 - httpx - INFO - HTTP Request: POST https://api.telegram.org/bot7966102912:AAE6lVKzQ_OCchVeODIMl3pxYvWBiIx8Z1w/getUpdates "HTTP/1.1 200 OK"
2026-02-18 03:17:53,757 - httpx - INFO - HTTP Request: POST https://api.telegram.org/bot7966102912:AAE6lVKzQ_OCchVeODIMl3pxYvWBiIx8Z1w/getUpdates "HTTP/1.1 200 OK"
2026-02-18 03:18:04,622 - httpx - INFO - HTTP Request: POST https://api.telegram.org/bot7966102912:AAE6lVKzQ_OCchVeODIMl3pxYvWBiIx8Z1w/getUpdates "HTTP/1.1 200 OK"
2026-02-18 03:18:14,741 - httpx - INFO - HTTP Request: POST https://api.telegram.org/bot7966102912:AAE6lVKzQ_OCchVeODIMl3pxYvWBiIx8Z1w/getUpdates "HTTP/1.1 200 OK"
2026-02-18 03:18:25,164 - httpx - INFO - HTTP Request: POST https://api.telegram.org/bot7966102912:AAE6lVKzQ_OCchVeODIMl3pxYvWBiIx8Z1w/getUpdates "HTTP/1.1 200 OK"
2026-02-18 03:18:35,627 - httpx - INFO - HTTP Request: POST https://api.telegram.org/bot7966102912:AAE6lVKzQ_OCchVeODIMl3pxYvWBiIx8Z1w/getUpdates "HTTP/1.1 200 OK"
2026-02-18 03:18:46,159 - httpx - INFO - HTTP Request: POST https://api.telegram.org/bot7966102912:AAE6lVKzQ_OCchVeODIMl3pxYvWBiIx8Z1w/getUpdates "HTTP/1.1 200 OK"
2026-02-18 03:18:56,829 - httpx - INFO - HTTP Request: POST https://api.telegram.org/bot7966102912:AAE6lVKzQ_OCchVeODIMl3pxYvWBiIx8Z1w/getUpdates "HTTP/1.1 200 OK"
2026-02-18 03:19:06,930 - httpx - INFO - HTTP Request: POST https://api.telegram.org/bot7966102912:AAE6lVKzQ_OCchVeODIMl3pxYvWBiIx8Z1w/getUpdates "HTTP/1.1 200 OK"
2026-02-18 03:19:17,361 - httpx - INFO - HTTP Request: POST https://api.telegram.org/bot7966102912:AAE6lVKzQ_OCchVeODIMl3pxYvWBiIx8Z1w/getUpdates "HTTP/1.1 200 OK"
2026-02-18 03:19:27,811 - httpx - INFO - HTTP Request: POST https://api.telegram.org/bot7966102912:AAE6lVKzQ_OCchVeODIMl3pxYvWBiIx8Z1w/getUpdates "HTTP/1.1 200 OK"
2026-02-18 03:19:31,447 - httpx - INFO - HTTP Request: POST https://api.telegram.org/bot7966102912:AAE6lVKzQ_OCchVeODIMl3pxYvWBiIx8Z1w/getUpdates "HTTP/1.1 200 OK"
2026-02-18 03:19:32,472 - httpx - INFO - HTTP Request: POST https://api.telegram.org/bot7966102912:AAE6lVKzQ_OCchVeODIMl3pxYvWBiIx8Z1w/sendMessage "HTTP/1.1 200 OK"
2026-02-18 03:19:41,575 - httpx - INFO - HTTP Request: POST https://api.telegram.org/bot7966102912:AAE6lVKzQ_OCchVeODIMl3pxYvWBiIx8Z1w/getUpdates "HTTP/1.1 200 OK"
2026-02-18 03:19:51,998 - httpx - INFO - HTTP Request: POST https://api.telegram.org/bot7966102912:AAE6lVKzQ_OCchVeODIMl3pxYvWBiIx8Z1w/getUpdates "HTTP/1.1 200 OK"
2026-02-18 03:20:02,652 - httpx - INFO - HTTP Request: POST https://api.telegram.org/bot7966102912:AAE6lVKzQ_OCchVeODIMl3pxYvWBiIx8Z1w/getUpdates "HTTP/1.1 200 OK"
2026-02-18 03:20:12,862 - httpx - INFO - HTTP Request: POST https://api.telegram.org/bot7966102912:AAE6lVKzQ_OCchVeODIMl3pxYvWBiIx8Z1w/getUpdates "HTTP/1.1 200 OK"
2026-02-18 03:20:23,305 - httpx - INFO - HTTP Request: POST https://api.telegram.org/bot7966102912:AAE6lVKzQ_OCchVeODIMl3pxYvWBiIx8Z1w/getUpdates "HTTP/1.1 200 OK"
2026-02-18 03:20:33,757 - httpx - INFO - HTTP Request: POST https://api.telegram.org/bot7966102912:AAE6lVKzQ_OCchVeODIMl3pxYvWBiIx8Z1w/getUpdates "HTTP/1.1 200 OK"
2026-02-18 03:20:44,118 - httpx - INFO - HTTP Request: POST https://api.telegram.org/bot7966102912:AAE6lVKzQ_OCchVeODIMl3pxYvWBiIx8Z1w/getUpdates "HTTP/1.1 200 OK"
2026-02-18 03:20:55,004 - httpx - INFO - HTTP Request: POST https://api.telegram.org/bot7966102912:AAE6lVKzQ_OCchVeODIMl3pxYvWBiIx8Z1w/getUpdates "HTTP/1.1 200 OK"
2026-02-18 03:21:05,127 - httpx - INFO - HTTP Request: POST https://api.telegram.org/bot7966102912:AAE6lVKzQ_OCchVeODIMl3pxYvWBiIx8Z1w/getUpdates "HTTP/1.1 200 OK"
2026-02-18 03:21:15,531 - httpx - INFO - HTTP Request: POST https://api.telegram.org/bot7966102912:AAE6lVKzQ_OCchVeODIMl3pxYvWBiIx8Z1w/getUpdates "HTTP/1.1 200 OK"
2026-02-18 03:21:26,395 - httpx - INFO - HTTP Request: POST https://api.telegram.org/bot7966102912:AAE6lVKzQ_OCchVeODIMl3pxYvWBiIx8Z1w/getUpdates "HTTP/1.1 200 OK"
2026-02-18 03:21:36,518 - httpx - INFO - HTTP Request: POST https://api.telegram.org/bot7966102912:AAE6lVKzQ_OCchVeODIMl3pxYvWBiIx8Z1w/getUpdates "HTTP/1.1 200 OK"
2026-02-18 03:21:46,959 - httpx - INFO - HTTP Request: POST https://api.telegram.org/bot7966102912:AAE6lVKzQ_OCchVeODIMl3pxYvWBiIx8Z1w/getUpdates "HTTP/1.1 200 OK"
2026-02-18 03:21:57,068 - httpx - INFO - HTTP Request: POST https://api.telegram.org/bot7966102912:AAE6lVKzQ_OCchVeODIMl3pxYvWBiIx8Z1w/getUpdates "HTTP/1.1 200 OK"
2026-02-18 03:22:07,908 - httpx - INFO - HTTP Request: POST https://api.telegram.org/bot7966102912:AAE6lVKzQ_OCchVeODIMl3pxYvWBiIx8Z1w/getUpdates "HTTP/1.1 200 OK"
2026-02-18 03:22:18,010 - httpx - INFO - HTTP Request: POST https://api.telegram.org/bot7966102912:AAE6lVKzQ_OCchVeODIMl3pxYvWBiIx8Z1w/getUpdates "HTTP/1.1 200 OK"
2026-02-18 03:22:28,440 - httpx - INFO - HTTP Request: POST https://api.telegram.org/bot7966102912:AAE6lVKzQ_OCchVeODIMl3pxYvWBiIx8Z1w/getUpdates "HTTP/1.1 200 OK"
2026-02-18 03:22:29,966 - httpx - INFO - HTTP Request: POST https://api.telegram.org/bot7966102912:AAE6lVKzQ_OCchVeODIMl3pxYvWBiIx8Z1w/getUpdates "HTTP/1.1 200 OK"
2026-02-18 03:22:30,986 - httpx - INFO - HTTP Request: POST https://api.telegram.org/bot7966102912:AAE6lVKzQ_OCchVeODIMl3pxYvWBiIx8Z1w/answerCallbackQuery "HTTP/1.1 200 OK"
2026-02-18 03:22:30,987 - __main__ - INFO - Пользователь 1023416545 нажал: my_words
2026-02-18 03:22:31,764 - httpx - INFO - HTTP Request: POST https://api.telegram.org/bot7966102912:AAE6lVKzQ_OCchVeODIMl3pxYvWBiIx8Z1w/editMessageText "HTTP/1.1 200 OK"
2026-02-18 03:22:39,457 - httpx - INFO - HTTP Request: POST https://api.telegram.org/bot7966102912:AAE6lVKzQ_OCchVeODIMl3pxYvWBiIx8Z1w/getUpdates "HTTP/1.1 200 OK"
2026-02-18 03:22:40,443 - httpx - INFO - HTTP Request: POST https://api.telegram.org/bot7966102912:AAE6lVKzQ_OCchVeODIMl3pxYvWBiIx8Z1w/answerCallbackQuery "HTTP/1.1 200 OK"
2026-02-18 03:22:40,445 - __main__ - INFO - Пользователь 1023416545 нажал: practice_Hello
2026-02-18 03:22:41,558 - httpx - INFO - HTTP Request: POST https://api.telegram.org/bot7966102912:AAE6lVKzQ_OCchVeODIMl3pxYvWBiIx8Z1w/editMessageText "HTTP/1.1 200 OK"
2026-02-18 03:22:44,001 - httpx - INFO - HTTP Request: POST https://api.telegram.org/bot7966102912:AAE6lVKzQ_OCchVeODIMl3pxYvWBiIx8Z1w/getUpdates "HTTP/1.1 200 OK"
2026-02-18 03:22:44,567 - httpx - INFO - HTTP Request: POST https://api.telegram.org/bot7966102912:AAE6lVKzQ_OCchVeODIMl3pxYvWBiIx8Z1w/answerCallbackQuery "HTTP/1.1 200 OK"
2026-02-18 03:22:44,568 - __main__ - INFO - Пользователь 1023416545 нажал: my_words
2026-02-18 03:22:45,358 - httpx - INFO - HTTP Request: POST https://api.telegram.org/bot7966102912:AAE6lVKzQ_OCchVeODIMl3pxYvWBiIx8Z1w/editMessageText "HTTP/1.1 200 OK"
2026-02-18 03:22:46,149 - httpx - INFO - HTTP Request: POST https://api.telegram.org/bot7966102912:AAE6lVKzQ_OCchVeODIMl3pxYvWBiIx8Z1w/getUpdates "HTTP/1.1 200 OK"
2026-02-18 03:22:46,391 - httpx - INFO - HTTP Request: POST https://api.telegram.org/bot7966102912:AAE6lVKzQ_OCchVeODIMl3pxYvWBiIx8Z1w/answerCallbackQuery "HTTP/1.1 200 OK"
2026-02-18 03:22:46,392 - __main__ - INFO - Пользователь 1023416545 нажал: back_to_main
2026-02-18 03:22:46,883 - httpx - INFO - HTTP Request: POST https://api.telegram.org/bot7966102912:AAE6lVKzQ_OCchVeODIMl3pxYvWBiIx8Z1w/editMessageText "HTTP/1.1 200 OK"
2026-02-18 03:22:49,374 - httpx - INFO - HTTP Request: POST https://api.telegram.org/bot7966102912:AAE6lVKzQ_OCchVeODIMl3pxYvWBiIx8Z1w/getUpdates "HTTP/1.1 200 OK"
2026-02-18 03:22:49,493 - httpx - INFO - HTTP Request: POST https://api.telegram.org/bot7966102912:AAE6lVKzQ_OCchVeODIMl3pxYvWBiIx8Z1w/answerCallbackQuery "HTTP/1.1 200 OK"
2026-02-18 03:22:49,494 - __main__ - INFO - Пользователь 1023416545 нажал: daily_tasks
2026-02-18 03:22:49,705 - httpx - INFO - HTTP Request: POST https://api.telegram.org/bot7966102912:AAE6lVKzQ_OCchVeODIMl3pxYvWBiIx8Z1w/editMessageText "HTTP/1.1 200 OK"
2026-02-18 03:22:52,367 - httpx - INFO - HTTP Request: POST https://api.telegram.org/bot7966102912:AAE6lVKzQ_OCchVeODIMl3pxYvWBiIx8Z1w/getUpdates "HTTP/1.1 200 OK"
2026-02-18 03:22:52,488 - httpx - INFO - HTTP Request: POST https://api.telegram.org/bot7966102912:AAE6lVKzQ_OCchVeODIMl3pxYvWBiIx8Z1w/answerCallbackQuery "HTTP/1.1 200 OK"
2026-02-18 03:22:52,489 - __main__ - INFO - Пользователь 1023416545 нажал: back_to_main
2026-02-18 03:22:52,867 - httpx - INFO - HTTP Request: POST https://api.telegram.org/bot7966102912:AAE6lVKzQ_OCchVeODIMl3pxYvWBiIx8Z1w/editMessageText "HTTP/1.1 200 OK"
2026-02-18 03:23:02,688 - httpx - INFO - HTTP Request: POST https://api.telegram.org/bot7966102912:AAE6lVKzQ_OCchVeODIMl3pxYvWBiIx8Z1w/getUpdates "HTTP/1.1 200 OK"
2026-02-18 03:23:06,120 - telegram.ext.Application - INFO - Application is stopping. This might take a moment.
2026-02-18 03:23:06,120 - telegram.ext.Application - INFO - Application.stop() complete
